[2025-07-18T04:06:58.213Z] ❌ Failed to connect to relay: wss://relay-jp.nostr.moctane.com
[2025-07-18T04:06:58.215Z] ❌ Failed to connect to relay: wss://relay-jp.nostr.moctane.com
[2025-07-18T04:15:34.615Z] ❌ Failed to connect to relay: wss://relay-jp.nostr.moctane.com
[2025-07-18T04:15:34.668Z] ❌ Failed to connect to relay: wss://relay-jp.nostr.moctane.com
[2025-07-18T04:39:53.915Z] ❌ Failed to connect to relay: wss://relay-jp.nostr.moctane.com
[2025-07-18T04:44:54.172Z] ❌ Failed to connect to relay: wss://relay-jp.nostr.moctane.com
[2025-07-18T04:49:54.074Z] ❌ Failed to connect to relay: wss://relay-jp.nostr.moctane.com
[2025-07-18T04:54:54.212Z] ❌ Failed to connect to relay: wss://relay-jp.nostr.moctane.com
[2025-07-18T05:07:27.561Z] ❌ Failed to connect to relay: wss://relay-jp.nostr.moctane.com
[2025-07-18T05:08:38.564Z] ❌ Failed to connect to relay: wss://relay-jp.nostr.moctane.com
[2025-07-18T05:13:38.767Z] ❌ Failed to connect to relay: wss://relay-jp.nostr.moctane.com
[2025-07-18T05:21:54.682Z] ❌ Failed to connect to relay: wss://relay-jp.nostr.moctane.com
[2025-07-18T05:27:06.594Z] ❌ Failed to connect to relay: wss://relay-jp.nostr.moctane.com
[2025-07-18T05:31:30.484Z] ❌ Failed to connect to relay: wss://relay-jp.nostr.moctane.com
[2025-07-18T05:35:17.918Z] ❌ Failed to connect to relay: wss://relay-jp.nostr.moctane.com
[2025-07-18T05:45:34.845Z] ❌ Failed to connect to relay: wss://relay-jp.nostr.moctane.com
[2025-07-18T05:50:35.113Z] ❌ Failed to connect to relay: wss://relay-jp.nostr.moctane.com
[2025-07-18T05:55:34.904Z] ❌ Failed to connect to relay: wss://relay-jp.nostr.moctane.com
[2025-07-18T05:57:25.714Z] ❌ Failed to connect to relay: wss://relay-jp.nostr.moctane.com
[2025-07-18T06:02:25.962Z] ❌ Failed to connect to relay: wss://relay-jp.nostr.moctane.com
[2025-07-18T06:07:26.166Z] ❌ Failed to connect to relay: wss://relay-jp.nostr.moctane.com
[2025-07-18T06:10:09.810Z] ❌ Failed to connect to relay: wss://relay-jp.nostr.moctane.com
[2025-07-18T06:19:45.483Z] ❌ Failed to connect to relay: wss://relay-jp.nostr.moctane.com
[2025-07-18T06:32:03.851Z] ❌ Failed to connect to relay: wss://relay-jp.nostr.moctane.com
[2025-07-18T06:34:14.099Z] イベント処理中のエラー
ReferenceError: getDisplayName is not defined
    at file:///C:/Users/Makino/source/vscode/nostr-observe-chan/src/index.js:18:33
    at file:///C:/Users/Makino/source/vscode/nostr-observe-chan/src/nostr/relay.js:44:9
    at file:///C:/Users/Makino/source/vscode/nostr-observe-chan/node_modules/nostr-tools/lib/esm/index.js:462:66
    at Array.forEach (<anonymous>)
    at Timeout.handleNext [as _onTimeout] (file:///C:/Users/Makino/source/vscode/nostr-observe-chan/node_modules/nostr-tools/lib/esm/index.js:462:50)
    at listOnTimeout (node:internal/timers:588:17)
    at process.processTimers (node:internal/timers:523:7)
[2025-07-18T06:34:15.578Z] イベント処理中のエラー
ReferenceError: getDisplayName is not defined
    at file:///C:/Users/Makino/source/vscode/nostr-observe-chan/src/index.js:18:33
    at file:///C:/Users/Makino/source/vscode/nostr-observe-chan/src/nostr/relay.js:44:9
    at file:///C:/Users/Makino/source/vscode/nostr-observe-chan/node_modules/nostr-tools/lib/esm/index.js:462:66
    at Array.forEach (<anonymous>)
    at Timeout.handleNext [as _onTimeout] (file:///C:/Users/Makino/source/vscode/nostr-observe-chan/node_modules/nostr-tools/lib/esm/index.js:462:50)
    at listOnTimeout (node:internal/timers:588:17)
    at process.processTimers (node:internal/timers:523:7)
[2025-07-18T06:35:25.781Z] イベント処理中のエラー
ReferenceError: getDisplayName is not defined
    at file:///C:/Users/Makino/source/vscode/nostr-observe-chan/src/index.js:18:33
    at file:///C:/Users/Makino/source/vscode/nostr-observe-chan/src/nostr/relay.js:44:9
    at file:///C:/Users/Makino/source/vscode/nostr-observe-chan/node_modules/nostr-tools/lib/esm/index.js:462:66
    at Array.forEach (<anonymous>)
    at Timeout.handleNext [as _onTimeout] (file:///C:/Users/Makino/source/vscode/nostr-observe-chan/node_modules/nostr-tools/lib/esm/index.js:462:50)
    at listOnTimeout (node:internal/timers:588:17)
    at process.processTimers (node:internal/timers:523:7)
[2025-07-18T06:35:43.214Z] イベント処理中のエラー
ReferenceError: getDisplayName is not defined
    at file:///C:/Users/Makino/source/vscode/nostr-observe-chan/src/index.js:18:33
    at file:///C:/Users/Makino/source/vscode/nostr-observe-chan/src/nostr/relay.js:44:9
    at file:///C:/Users/Makino/source/vscode/nostr-observe-chan/node_modules/nostr-tools/lib/esm/index.js:462:66
    at Array.forEach (<anonymous>)
    at Timeout.handleNext [as _onTimeout] (file:///C:/Users/Makino/source/vscode/nostr-observe-chan/node_modules/nostr-tools/lib/esm/index.js:462:50)
    at listOnTimeout (node:internal/timers:588:17)
    at process.processTimers (node:internal/timers:523:7)
[2025-07-18T06:36:00.660Z] イベント処理中のエラー
ReferenceError: getDisplayName is not defined
    at file:///C:/Users/Makino/source/vscode/nostr-observe-chan/src/index.js:18:33
    at file:///C:/Users/Makino/source/vscode/nostr-observe-chan/src/nostr/relay.js:44:9
    at file:///C:/Users/Makino/source/vscode/nostr-observe-chan/node_modules/nostr-tools/lib/esm/index.js:462:66
    at Array.forEach (<anonymous>)
    at Timeout.handleNext [as _onTimeout] (file:///C:/Users/Makino/source/vscode/nostr-observe-chan/node_modules/nostr-tools/lib/esm/index.js:462:50)
    at listOnTimeout (node:internal/timers:588:17)
    at process.processTimers (node:internal/timers:523:7)
[2025-07-18T06:36:26.442Z] イベント処理中のエラー
ReferenceError: getDisplayName is not defined
    at file:///C:/Users/Makino/source/vscode/nostr-observe-chan/src/index.js:18:33
    at file:///C:/Users/Makino/source/vscode/nostr-observe-chan/src/nostr/relay.js:44:9
    at file:///C:/Users/Makino/source/vscode/nostr-observe-chan/node_modules/nostr-tools/lib/esm/index.js:462:66
    at Array.forEach (<anonymous>)
    at Timeout.handleNext [as _onTimeout] (file:///C:/Users/Makino/source/vscode/nostr-observe-chan/node_modules/nostr-tools/lib/esm/index.js:462:50)
    at listOnTimeout (node:internal/timers:588:17)
    at process.processTimers (node:internal/timers:523:7)
[2025-07-18T06:37:03.941Z] ❌ Failed to connect to relay: wss://relay-jp.nostr.moctane.com
[2025-07-18T06:38:57.433Z] イベント処理中のエラー
ReferenceError: getDisplayName is not defined
    at file:///C:/Users/Makino/source/vscode/nostr-observe-chan/src/index.js:18:33
    at file:///C:/Users/Makino/source/vscode/nostr-observe-chan/src/nostr/relay.js:44:9
    at file:///C:/Users/Makino/source/vscode/nostr-observe-chan/node_modules/nostr-tools/lib/esm/index.js:462:66
    at Array.forEach (<anonymous>)
    at Timeout.handleNext [as _onTimeout] (file:///C:/Users/Makino/source/vscode/nostr-observe-chan/node_modules/nostr-tools/lib/esm/index.js:462:50)
    at listOnTimeout (node:internal/timers:588:17)
    at process.processTimers (node:internal/timers:523:7)
[2025-07-18T06:39:08.175Z] イベント処理中のエラー
ReferenceError: getDisplayName is not defined
    at file:///C:/Users/Makino/source/vscode/nostr-observe-chan/src/index.js:18:33
    at file:///C:/Users/Makino/source/vscode/nostr-observe-chan/src/nostr/relay.js:44:9
    at file:///C:/Users/Makino/source/vscode/nostr-observe-chan/node_modules/nostr-tools/lib/esm/index.js:462:66
    at Array.forEach (<anonymous>)
    at Timeout.handleNext [as _onTimeout] (file:///C:/Users/Makino/source/vscode/nostr-observe-chan/node_modules/nostr-tools/lib/esm/index.js:462:50)
    at listOnTimeout (node:internal/timers:588:17)
    at process.processTimers (node:internal/timers:523:7)
[2025-07-18T06:39:14.094Z] イベント処理中のエラー
ReferenceError: getDisplayName is not defined
    at file:///C:/Users/Makino/source/vscode/nostr-observe-chan/src/index.js:18:33
    at file:///C:/Users/Makino/source/vscode/nostr-observe-chan/src/nostr/relay.js:44:9
    at file:///C:/Users/Makino/source/vscode/nostr-observe-chan/node_modules/nostr-tools/lib/esm/index.js:462:66
    at Array.forEach (<anonymous>)
    at Timeout.handleNext [as _onTimeout] (file:///C:/Users/Makino/source/vscode/nostr-observe-chan/node_modules/nostr-tools/lib/esm/index.js:462:50)
    at listOnTimeout (node:internal/timers:588:17)
    at process.processTimers (node:internal/timers:523:7)
[2025-07-18T06:39:23.528Z] イベント処理中のエラー
ReferenceError: getDisplayName is not defined
    at file:///C:/Users/Makino/source/vscode/nostr-observe-chan/src/index.js:18:33
    at file:///C:/Users/Makino/source/vscode/nostr-observe-chan/src/nostr/relay.js:44:9
    at file:///C:/Users/Makino/source/vscode/nostr-observe-chan/node_modules/nostr-tools/lib/esm/index.js:462:66
    at Array.forEach (<anonymous>)
    at Timeout.handleNext [as _onTimeout] (file:///C:/Users/Makino/source/vscode/nostr-observe-chan/node_modules/nostr-tools/lib/esm/index.js:462:50)
    at listOnTimeout (node:internal/timers:588:17)
    at process.processTimers (node:internal/timers:523:7)
[2025-07-18T06:40:25.825Z] イベント処理中のエラー
ReferenceError: getDisplayName is not defined
    at file:///C:/Users/Makino/source/vscode/nostr-observe-chan/src/index.js:18:33
    at file:///C:/Users/Makino/source/vscode/nostr-observe-chan/src/nostr/relay.js:44:9
    at file:///C:/Users/Makino/source/vscode/nostr-observe-chan/node_modules/nostr-tools/lib/esm/index.js:462:66
    at Array.forEach (<anonymous>)
    at Timeout.handleNext [as _onTimeout] (file:///C:/Users/Makino/source/vscode/nostr-observe-chan/node_modules/nostr-tools/lib/esm/index.js:462:50)
    at listOnTimeout (node:internal/timers:588:17)
    at process.processTimers (node:internal/timers:523:7)
[2025-07-18T06:41:02.743Z] ❌ Failed to connect to relay: wss://relay-jp.nostr.moctane.com
[2025-07-18T06:46:02.885Z] ❌ Failed to connect to relay: wss://relay-jp.nostr.moctane.com
[2025-07-18T06:51:02.914Z] ❌ Failed to connect to relay: wss://relay-jp.nostr.moctane.com
[2025-07-18T06:56:02.851Z] ❌ Failed to connect to relay: wss://relay-jp.nostr.moctane.com
[2025-07-18T07:03:56.463Z] ❌ Failed to connect to relay: wss://nostr.h3z.jp
[2025-07-18T07:04:07.119Z] ❌ Failed to connect to relay: wss://nostr.holybea.com
[2025-07-18T07:04:07.245Z] ❌ Failed to connect to relay: wss://relay.nostr.moctane.com
[2025-07-18T07:04:07.252Z] ❌ Failed to connect to relay: wss://relay-jp.nostr.moctane.com
[2025-07-18T07:09:07.713Z] ❌ Failed to connect to relay: wss://nostr.h3z.jp
[2025-07-18T07:09:07.735Z] ❌ Failed to connect to relay: wss://relay.nostr.moctane.com
[2025-07-18T07:09:07.870Z] ❌ Failed to connect to relay: wss://relay-jp.nostr.moctane.com
[2025-07-18T07:09:17.925Z] ❌ Failed to connect to relay: wss://nostr.holybea.com
[2025-07-18T07:14:07.304Z] ❌ Failed to connect to relay: wss://nostr.h3z.jp
[2025-07-18T07:14:07.325Z] ❌ Failed to connect to relay: wss://relay-jp.nostr.moctane.com
[2025-07-18T07:14:07.326Z] ❌ Failed to connect to relay: wss://relay.nostr.moctane.com
[2025-07-18T07:14:17.950Z] ❌ Failed to connect to relay: wss://nostr.holybea.com
[2025-07-21T02:42:34.042Z] イベント処理中のエラー
ReferenceError: requestProfile is not defined
    at file:///E:/01_Maybe-MainPC/Server/Discord_bot/Nostr-Observe-chan/src/index.js:22:17
    at file:///E:/01_Maybe-MainPC/Server/Discord_bot/Nostr-Observe-chan/src/nostr/relay.js:45:9
    at file:///E:/01_Maybe-MainPC/Server/Discord_bot/Nostr-Observe-chan/node_modules/nostr-tools/lib/esm/index.js:462:66
    at Array.forEach (<anonymous>)
    at Timeout.handleNext [as _onTimeout] (file:///E:/01_Maybe-MainPC/Server/Discord_bot/Nostr-Observe-chan/node_modules/nostr-tools/lib/esm/index.js:462:50)
    at listOnTimeout (node:internal/timers:588:17)
    at process.processTimers (node:internal/timers:523:7)
[2025-07-21T02:42:42.251Z] イベント処理中のエラー
ReferenceError: requestProfile is not defined
    at file:///E:/01_Maybe-MainPC/Server/Discord_bot/Nostr-Observe-chan/src/index.js:22:17
    at file:///E:/01_Maybe-MainPC/Server/Discord_bot/Nostr-Observe-chan/src/nostr/relay.js:45:9
    at file:///E:/01_Maybe-MainPC/Server/Discord_bot/Nostr-Observe-chan/node_modules/nostr-tools/lib/esm/index.js:462:66
    at Array.forEach (<anonymous>)
    at Timeout.handleNext [as _onTimeout] (file:///E:/01_Maybe-MainPC/Server/Discord_bot/Nostr-Observe-chan/node_modules/nostr-tools/lib/esm/index.js:462:50)
    at listOnTimeout (node:internal/timers:588:17)
    at process.processTimers (node:internal/timers:523:7)
[2025-07-21T03:34:51.521Z] イベント処理中のエラー
ReferenceError: displayField is not defined
    at sendNotification (file:///E:/01_Maybe-MainPC/Server/Discord_bot/Nostr-Observe-chan/src/discord/notifier.js:29:3)
    at file:///E:/01_Maybe-MainPC/Server/Discord_bot/Nostr-Observe-chan/src/index.js:25:19
    at file:///E:/01_Maybe-MainPC/Server/Discord_bot/Nostr-Observe-chan/src/nostr/relay.js:45:9
    at file:///E:/01_Maybe-MainPC/Server/Discord_bot/Nostr-Observe-chan/node_modules/nostr-tools/lib/esm/index.js:462:66
    at Array.forEach (<anonymous>)
    at Timeout.handleNext [as _onTimeout] (file:///E:/01_Maybe-MainPC/Server/Discord_bot/Nostr-Observe-chan/node_modules/nostr-tools/lib/esm/index.js:462:50)
    at listOnTimeout (node:internal/timers:588:17)
    at process.processTimers (node:internal/timers:523:7)
[2025-07-21T03:35:03.465Z] イベント処理中のエラー
ReferenceError: displayField is not defined
    at sendNotification (file:///E:/01_Maybe-MainPC/Server/Discord_bot/Nostr-Observe-chan/src/discord/notifier.js:29:3)
    at file:///E:/01_Maybe-MainPC/Server/Discord_bot/Nostr-Observe-chan/src/index.js:25:19
    at file:///E:/01_Maybe-MainPC/Server/Discord_bot/Nostr-Observe-chan/src/nostr/relay.js:45:9
    at file:///E:/01_Maybe-MainPC/Server/Discord_bot/Nostr-Observe-chan/node_modules/nostr-tools/lib/esm/index.js:462:66
    at Array.forEach (<anonymous>)
    at Timeout.handleNext [as _onTimeout] (file:///E:/01_Maybe-MainPC/Server/Discord_bot/Nostr-Observe-chan/node_modules/nostr-tools/lib/esm/index.js:462:50)
    at listOnTimeout (node:internal/timers:588:17)
    at process.processTimers (node:internal/timers:523:7)
[2025-07-21T03:35:08.751Z] イベント処理中のエラー
ReferenceError: displayField is not defined
    at sendNotification (file:///E:/01_Maybe-MainPC/Server/Discord_bot/Nostr-Observe-chan/src/discord/notifier.js:29:3)
    at file:///E:/01_Maybe-MainPC/Server/Discord_bot/Nostr-Observe-chan/src/index.js:25:19
    at file:///E:/01_Maybe-MainPC/Server/Discord_bot/Nostr-Observe-chan/src/nostr/relay.js:45:9
    at file:///E:/01_Maybe-MainPC/Server/Discord_bot/Nostr-Observe-chan/node_modules/nostr-tools/lib/esm/index.js:462:66
    at Array.forEach (<anonymous>)
    at Timeout.handleNext [as _onTimeout] (file:///E:/01_Maybe-MainPC/Server/Discord_bot/Nostr-Observe-chan/node_modules/nostr-tools/lib/esm/index.js:462:50)
    at listOnTimeout (node:internal/timers:588:17)
    at process.processTimers (node:internal/timers:523:7)
[2025-07-21T03:37:02.888Z] イベント処理中のエラー
ReferenceError: displayField is not defined
    at sendNotification (file:///E:/01_Maybe-MainPC/Server/Discord_bot/Nostr-Observe-chan/src/discord/notifier.js:29:3)
    at file:///E:/01_Maybe-MainPC/Server/Discord_bot/Nostr-Observe-chan/src/index.js:25:19
    at file:///E:/01_Maybe-MainPC/Server/Discord_bot/Nostr-Observe-chan/src/nostr/relay.js:45:9
    at file:///E:/01_Maybe-MainPC/Server/Discord_bot/Nostr-Observe-chan/node_modules/nostr-tools/lib/esm/index.js:462:66
    at Array.forEach (<anonymous>)
    at Timeout.handleNext [as _onTimeout] (file:///E:/01_Maybe-MainPC/Server/Discord_bot/Nostr-Observe-chan/node_modules/nostr-tools/lib/esm/index.js:462:50)
    at listOnTimeout (node:internal/timers:588:17)
    at process.processTimers (node:internal/timers:523:7)
[2025-07-21T03:37:05.557Z] イベント処理中のエラー
ReferenceError: displayField is not defined
    at sendNotification (file:///E:/01_Maybe-MainPC/Server/Discord_bot/Nostr-Observe-chan/src/discord/notifier.js:29:3)
    at file:///E:/01_Maybe-MainPC/Server/Discord_bot/Nostr-Observe-chan/src/index.js:25:19
    at file:///E:/01_Maybe-MainPC/Server/Discord_bot/Nostr-Observe-chan/src/nostr/relay.js:45:9
    at file:///E:/01_Maybe-MainPC/Server/Discord_bot/Nostr-Observe-chan/node_modules/nostr-tools/lib/esm/index.js:462:66
    at Array.forEach (<anonymous>)
    at Timeout.handleNext [as _onTimeout] (file:///E:/01_Maybe-MainPC/Server/Discord_bot/Nostr-Observe-chan/node_modules/nostr-tools/lib/esm/index.js:462:50)
    at listOnTimeout (node:internal/timers:588:17)
    at process.processTimers (node:internal/timers:523:7)
[2025-07-21T03:37:17.005Z] イベント処理中のエラー
ReferenceError: displayField is not defined
    at sendNotification (file:///E:/01_Maybe-MainPC/Server/Discord_bot/Nostr-Observe-chan/src/discord/notifier.js:29:3)
    at file:///E:/01_Maybe-MainPC/Server/Discord_bot/Nostr-Observe-chan/src/index.js:25:19
    at file:///E:/01_Maybe-MainPC/Server/Discord_bot/Nostr-Observe-chan/src/nostr/relay.js:45:9
    at file:///E:/01_Maybe-MainPC/Server/Discord_bot/Nostr-Observe-chan/node_modules/nostr-tools/lib/esm/index.js:462:66
    at Array.forEach (<anonymous>)
    at Timeout.handleNext [as _onTimeout] (file:///E:/01_Maybe-MainPC/Server/Discord_bot/Nostr-Observe-chan/node_modules/nostr-tools/lib/esm/index.js:462:50)
    at listOnTimeout (node:internal/timers:588:17)
    at process.processTimers (node:internal/timers:523:7)
[2025-07-21T03:37:17.688Z] イベント処理中のエラー
ReferenceError: displayField is not defined
    at sendNotification (file:///E:/01_Maybe-MainPC/Server/Discord_bot/Nostr-Observe-chan/src/discord/notifier.js:29:3)
    at file:///E:/01_Maybe-MainPC/Server/Discord_bot/Nostr-Observe-chan/src/index.js:25:19
    at file:///E:/01_Maybe-MainPC/Server/Discord_bot/Nostr-Observe-chan/src/nostr/relay.js:45:9
    at file:///E:/01_Maybe-MainPC/Server/Discord_bot/Nostr-Observe-chan/node_modules/nostr-tools/lib/esm/index.js:462:66
    at Array.forEach (<anonymous>)
    at Timeout.handleNext [as _onTimeout] (file:///E:/01_Maybe-MainPC/Server/Discord_bot/Nostr-Observe-chan/node_modules/nostr-tools/lib/esm/index.js:462:50)
    at listOnTimeout (node:internal/timers:588:17)
    at process.processTimers (node:internal/timers:523:7)
